

Microchip Technology PIC LITE Macro Assembler V1.40 build -251452761 
                                                                                               Fri Nov 03 16:43:35 2017

Microchip Technology Omniscient Code Generator v1.40 (Free mode) build 201612010151
     1                           	processor	12F683
     2                           	opt	pw 120
     3                           	opt	lm
     4                           	psect	cinit,global,class=CODE,merge=1,delta=2
     5                           	psect	bssCOMMON,global,class=COMMON,space=1,delta=1
     6                           	psect	cstackCOMMON,global,class=COMMON,space=1,delta=1
     7                           	psect	maintext,global,class=CODE,split=1,delta=2
     8                           	psect	text1,local,class=CODE,merge=1,delta=2
     9                           	psect	intentry,global,class=CODE,delta=2
    10                           	dabs	1,0x7E,2
    11  0000                     
    12                           ; Version 1.40
    13                           ; Generated 01/12/2016 GMT
    14                           ; 
    15                           ; Copyright © 2016, Microchip Technology Inc. and its subsidiaries ("Microchip")
    16                           ; All rights reserved.
    17                           ; 
    18                           ; This software is developed by Microchip Technology Inc. and its subsidiaries ("Microch
      +                          ip").
    19                           ; 
    20                           ; Redistribution and use in source and binary forms, with or without modification, are
    21                           ; permitted provided that the following conditions are met:
    22                           ; 
    23                           ;     1. Redistributions of source code must retain the above copyright notice, this lis
      +                          t of
    24                           ;        conditions and the following disclaimer.
    25                           ; 
    26                           ;     2. Redistributions in binary form must reproduce the above copyright notice, this 
      +                          list
    27                           ;        of conditions and the following disclaimer in the documentation and/or other
    28                           ;        materials provided with the distribution.
    29                           ; 
    30                           ;     3. Microchip's name may not be used to endorse or promote products derived from th
      +                          is
    31                           ;        software without specific prior written permission.
    32                           ; 
    33                           ; THIS SOFTWARE IS PROVIDED BY MICROCHIP "AS IS" AND ANY EXPRESS OR IMPLIED WARRANTIES,
    34                           ; INCLUDING, BUT NOT LIMITED TO, THE IMPLIED WARRANTIES OF MERCHANTABILITY AND FITNESS F
      +                          OR
    35                           ; PURPOSE ARE DISCLAIMED.  IN NO EVENT SHALL MICROCHIP BE LIABLE FOR ANY DIRECT, INDIREC
      +                          T,
    36                           ; INCIDENTAL, SPECIAL, EXEMPLARY, OR CONSEQUENTIAL DAMAGES (INCLUDING BUT NOT LIMITED TO
    37                           ; PROCUREMENT OF SUBSTITUTE GOODS OR SERVICES; LOSS OF USE, DATA OR PROFITS; OR BUSINESS
    38                           ; INTERRUPTION) HOWSOEVER CAUSED AND ON ANY THEORY OF LIABILITY, WHETHER IN CONTRACT, ST
      +                          RICT
    39                           ; LIABILITY, OR TORT (INCLUDING NEGLIGENCE OR OTHERWISE) ARISING IN ANY WAY OUT OF THE U
      +                          SE OF
    40                           ; THIS SOFTWARE, EVEN IF ADVISED OF THE POSSIBILITY OF SUCH DAMAGE.
    41                           ; 
    42                           ; 
    43                           ; Code-generator required, PIC12F683 Definitions
    44                           ; 
    45                           ; SFR Addresses
    46  0000                     	;# 
    47  0001                     	;# 
    48  0002                     	;# 
    49  0003                     	;# 
    50  0004                     	;# 
    51  0005                     	;# 
    52  000A                     	;# 
    53  000B                     	;# 
    54  000C                     	;# 
    55  000E                     	;# 
    56  000E                     	;# 
    57  000F                     	;# 
    58  0010                     	;# 
    59  0011                     	;# 
    60  0012                     	;# 
    61  0013                     	;# 
    62  0013                     	;# 
    63  0014                     	;# 
    64  0015                     	;# 
    65  0018                     	;# 
    66  0019                     	;# 
    67  001A                     	;# 
    68  001E                     	;# 
    69  001F                     	;# 
    70  0081                     	;# 
    71  0085                     	;# 
    72  008C                     	;# 
    73  008E                     	;# 
    74  008F                     	;# 
    75  0090                     	;# 
    76  0092                     	;# 
    77  0095                     	;# 
    78  0095                     	;# 
    79  0096                     	;# 
    80  0096                     	;# 
    81  0099                     	;# 
    82  009A                     	;# 
    83  009A                     	;# 
    84  009B                     	;# 
    85  009C                     	;# 
    86  009D                     	;# 
    87  009E                     	;# 
    88  009F                     	;# 
    89  0005                     _GPIO	set	5
    90  0005                     _GPIObits	set	5
    91  000B                     _INTCONbits	set	11
    92  0001                     _TMR0	set	1
    93  009F                     _ANSEL	set	159
    94  0081                     _OPTION_REG	set	129
    95  008F                     _OSCCON	set	143
    96  0085                     _TRISIO	set	133
    97                           
    98                           ; #config settings
    99  0000                     
   100                           	psect	cinit
   101  0010                     start_initialization:	
   102  0010                     __initialization:	
   103                           
   104                           ; Clear objects allocated to COMMON
   105  0010  01F5               	clrf	__pbssCOMMON& (0+127)
   106  0011  01F6               	clrf	(__pbssCOMMON+1)& (0+127)
   107  0012                     end_of_initialization:	
   108                           ;End of C runtime variable initialization code
   109                           
   110  0012                     __end_of__initialization:	
   111  0012  0183               	clrf	3
   112  0013  2814               	ljmp	_main	;jump to C main() function
   113                           
   114                           	psect	bssCOMMON
   115  0075                     __pbssCOMMON:	
   116  0075                     _flag:	
   117  0075                     	ds	2
   118                           
   119                           	psect	cstackCOMMON
   120  0071                     __pcstackCOMMON:	
   121  0071                     ?_ISR:	
   122  0071                     ??_ISR:	
   123                           ; 1 bytes @ 0x0
   124                           
   125  0071                     ?_main:	
   126                           ; 1 bytes @ 0x0
   127                           
   128                           
   129                           ; 1 bytes @ 0x0
   130  0071                     	ds	4
   131  0075                     ??_main:	
   132                           
   133                           	psect	maintext
   134  0014                     __pmaintext:	
   135                           ; 1 bytes @ 0x4
   136 ;;
   137 ;;Main: autosize = 0, tempsize = 0, incstack = 0, save=0
   138 ;;
   139 ;; *************** function _main *****************
   140 ;; Defined at:
   141 ;;		line 29 in file "main.c"
   142 ;; Parameters:    Size  Location     Type
   143 ;;		None
   144 ;; Auto vars:     Size  Location     Type
   145 ;;		None
   146 ;; Return value:  Size  Location     Type
   147 ;;                  1    wreg      void 
   148 ;; Registers used:
   149 ;;		wreg, status,2
   150 ;; Tracked objects:
   151 ;;		On entry : B00/0
   152 ;;		On exit  : 0/0
   153 ;;		Unchanged: 0/0
   154 ;; Data sizes:     COMMON   BANK0   BANK1
   155 ;;      Params:         0       0       0
   156 ;;      Locals:         0       0       0
   157 ;;      Temps:          0       0       0
   158 ;;      Totals:         0       0       0
   159 ;;Total ram usage:        0 bytes
   160 ;; Hardware stack levels required when called:    1
   161 ;; This function calls:
   162 ;;		Nothing
   163 ;; This function is called by:
   164 ;;		Startup code after reset
   165 ;; This function uses a non-reentrant model
   166 ;;
   167                           
   168                           
   169                           ;psect for function _main
   170  0014                     _main:	
   171                           
   172                           ;main.c: 31: OSCCON = 0b00000001;
   173                           
   174                           ;incstack = 0
   175                           ; Regs used in _main: [wreg+status,2]
   176  0014  3001               	movlw	1
   177  0015  1683               	bsf	3,5	;RP0=1, select bank1
   178  0016  008F               	movwf	15	;volatile
   179                           
   180                           ;main.c: 32: TRISIO = 0b00100000;
   181  0017  3020               	movlw	32
   182  0018  0085               	movwf	5	;volatile
   183                           
   184                           ;main.c: 33: GPIO = 0x00;
   185  0019  1283               	bcf	3,5	;RP0=0, select bank0
   186  001A  0185               	clrf	5	;volatile
   187                           
   188                           ;main.c: 34: OPTION_REG = 0b00000100;
   189  001B  3004               	movlw	4
   190  001C  1683               	bsf	3,5	;RP0=1, select bank1
   191  001D  0081               	movwf	1	;volatile
   192                           
   193                           ;main.c: 35: ANSEL = 0b00000000;
   194  001E  019F               	clrf	31	;volatile
   195  001F                     l496:	
   196                           ;main.c: 37: for(;;){
   197                           
   198                           
   199                           ;main.c: 39: if(GPIObits.GP5 == 0){
   200  001F  1283               	bcf	3,5	;RP0=0, select bank0
   201  0020  1A85               	btfsc	5,5	;volatile
   202  0021  2827               	goto	l506
   203                           
   204                           ;main.c: 41: TMR0 = 86;
   205  0022  3056               	movlw	86
   206  0023  0081               	movwf	1	;volatile
   207                           
   208                           ;main.c: 42: INTCONbits.GIE = 1;
   209  0024  178B               	bsf	11,7	;volatile
   210                           
   211                           ;main.c: 43: INTCONbits.T0IF = 0;
   212  0025  110B               	bcf	11,2	;volatile
   213                           
   214                           ;main.c: 44: INTCONbits.T0IE = 1;
   215  0026  168B               	bsf	11,5	;volatile
   216  0027                     l506:	
   217                           
   218                           ;main.c: 45: }
   219                           ;main.c: 48: if(GPIObits.GP5 == 1){
   220  0027  1E85               	btfss	5,5	;volatile
   221  0028  281F               	goto	l496
   222                           
   223                           ;main.c: 50: INTCONbits.T0IE = 0;
   224  0029  128B               	bcf	11,5	;volatile
   225                           
   226                           ;main.c: 51: INTCONbits.T0IF = 0;
   227  002A  110B               	bcf	11,2	;volatile
   228                           
   229                           ;main.c: 52: INTCONbits.GIE = 0;
   230  002B  138B               	bcf	11,7	;volatile
   231                           
   232                           ;main.c: 53: GPIObits.GP2 = 0;
   233  002C  1105               	bcf	5,2	;volatile
   234                           
   235                           ;main.c: 54: }
   236                           ;main.c: 55: }
   237  002D  281F               	goto	l496
   238  002E                     __end_of_main:	
   239                           
   240                           	psect	text1
   241  002E                     __ptext1:	
   242 ;; *************** function _ISR *****************
   243 ;; Defined at:
   244 ;;		line 18 in file "main.c"
   245 ;; Parameters:    Size  Location     Type
   246 ;;		None
   247 ;; Auto vars:     Size  Location     Type
   248 ;;		None
   249 ;; Return value:  Size  Location     Type
   250 ;;                  1    wreg      void 
   251 ;; Registers used:
   252 ;;		None
   253 ;; Tracked objects:
   254 ;;		On entry : 0/0
   255 ;;		On exit  : 0/0
   256 ;;		Unchanged: 0/0
   257 ;; Data sizes:     COMMON   BANK0   BANK1
   258 ;;      Params:         0       0       0
   259 ;;      Locals:         0       0       0
   260 ;;      Temps:          4       0       0
   261 ;;      Totals:         4       0       0
   262 ;;Total ram usage:        4 bytes
   263 ;; Hardware stack levels used:    1
   264 ;; This function calls:
   265 ;;		Nothing
   266 ;; This function is called by:
   267 ;;		Interrupt level 1
   268 ;; This function uses a non-reentrant model
   269 ;;
   270                           
   271                           
   272                           ;psect for function _ISR
   273  002E                     _ISR:	
   274                           
   275                           ;main.c: 20: INTCONbits.GIE = 0;
   276  002E  138B               	bcf	11,7	;volatile
   277                           
   278                           ;main.c: 21: INTCONbits.T0IF = 0;
   279  002F  110B               	bcf	11,2	;volatile
   280                           
   281                           ;main.c: 22: INTCONbits.T0IE = 0;
   282  0030  128B               	bcf	11,5	;volatile
   283                           
   284                           ;main.c: 23: GPIObits.GP2 = 1;
   285  0031  1505               	bsf	5,2	;volatile
   286  0032  0874               	movf	??_ISR+3,w
   287  0033  00FF               	movwf	127
   288  0034  0873               	movf	??_ISR+2,w
   289  0035  008A               	movwf	10
   290  0036  0872               	movf	??_ISR+1,w
   291  0037  0084               	movwf	4
   292  0038  0E71               	swapf	??_ISR^(0+-128),w
   293  0039  0083               	movwf	3
   294  003A  0EFE               	swapf	126,f
   295  003B  0E7E               	swapf	126,w
   296  003C  0009               	retfie
   297  003D                     __end_of_ISR:	
   298  007E                     btemp	set	126	;btemp
   299  007E                     wtemp0	set	126
   300                           
   301                           	psect	intentry
   302  0004                     __pintentry:	
   303                           ;incstack = 0
   304                           ; Regs used in _ISR: []
   305                           
   306  0004                     interrupt_function:	
   307  007E                     saved_w	set	btemp
   308  0004  00FE               	movwf	btemp
   309  0005  0E03               	swapf	3,w
   310  0006  00F1               	movwf	??_ISR
   311  0007  0804               	movf	4,w
   312  0008  00F2               	movwf	??_ISR+1
   313  0009  080A               	movf	10,w
   314  000A  00F3               	movwf	??_ISR+2
   315  000B  1283               	bcf	3,5	;RP0=0, select bank0
   316  000C  087F               	movf	btemp+1,w
   317  000D  00F4               	movwf	??_ISR+3
   318  000E  282E               	ljmp	_ISR


Data Sizes:
    Strings     0
    Constant    0
    Data        0
    BSS         2
    Persistent  0
    Stack       0

Auto Spaces:
    Space          Size  Autos    Used
    COMMON           13      4       6
    BANK0            69      0       0
    BANK1            32      0       0

Pointer List with Targets:

    None.

Critical Paths under _main in COMMON

    None.

Critical Paths under _ISR in COMMON

    None.

Critical Paths under _main in BANK0

    None.

Critical Paths under _ISR in BANK0

    None.

Critical Paths under _main in BANK1

    None.

Critical Paths under _ISR in BANK1

    None.

Call Graph Tables:

 ---------------------------------------------------------------------------------
 (Depth) Function   	        Calls       Base Space   Used Autos Params    Refs
 ---------------------------------------------------------------------------------
 (0) _main                                                 0     0      0       0
 ---------------------------------------------------------------------------------
 Estimated maximum stack depth 0
 ---------------------------------------------------------------------------------
 (Depth) Function   	        Calls       Base Space   Used Autos Params    Refs
 ---------------------------------------------------------------------------------
 (1) _ISR                                                  4     4      0       0
                                              0 COMMON     4     4      0
 ---------------------------------------------------------------------------------
 Estimated maximum stack depth 1
 ---------------------------------------------------------------------------------

 Call Graph Graphs:

 _main (ROOT)

 _ISR (ROOT)

 Address spaces:
Name               Size   Autos  Total    Cost      Usage
BITCOMMON            D      0       0       0        0.0%
EEDATA             100      0       0       0        0.0%
NULL                 0      0       0       0        0.0%
CODE                 0      0       0       0        0.0%
COMMON               D      4       6       1       46.2%
BITSFR0              0      0       0       1        0.0%
SFR0                 0      0       0       1        0.0%
BITSFR1              0      0       0       2        0.0%
SFR1                 0      0       0       2        0.0%
STACK                0      0       0       2        0.0%
BITBANK0            45      0       0       3        0.0%
BANK0               45      0       0       4        0.0%
BANK1               20      0       0       5        0.0%
ABS                  0      0       6       6        0.0%
BITBANK1            20      0       0       7        0.0%
DATA                 0      0       6       8        0.0%


Microchip Technology PIC Macro Assembler V1.40 build -251452761 
Symbol Table                                                                                   Fri Nov 03 16:43:35 2017

            __CFG_CP$OFF 0000                      l506 0027                      l496 001F  
           __CFG_CPD$OFF 0000                      _ISR 002E                      fsr0 0004  
                   ?_ISR 0071                     _GPIO 0005                     _TMR0 0001  
                   _flag 0075                     _main 0014                     btemp 007E  
          __CFG_BOREN$ON 0000                     start 000F            __CFG_IESO$OFF 0000  
          __CFG_MCLRE$ON 0000                    ??_ISR 0071                    ?_main 0071  
          __CFG_WDTE$OFF 0000                    _ANSEL 009F            __CFG_PWRTE$ON 0000  
         __CFG_FCMEN$OFF 0000                    pclath 000A                    status 0003  
                  wtemp0 007E          __initialization 0010             __end_of_main 002E  
                 ??_main 0075                   _OSCCON 008F                   _TRISIO 0085  
                 saved_w 007E  __end_of__initialization 0012           __pcstackCOMMON 0071  
             __pmaintext 0014               __pintentry 0004                  __ptext1 002E  
           __size_of_ISR 000F     end_of_initialization 0012      start_initialization 0010  
            __end_of_ISR 003D              __pbssCOMMON 0075                ___latbits 0000  
      interrupt_function 0004                 _GPIObits 0005            __size_of_main 001A  
             _INTCONbits 000B                 intlevel1 0000               _OPTION_REG 0081  
     __CFG_FOSC$INTOSCIO 0000  
